0 info it worked if it ends with ok
1 verbose cli [ 'C:\\Program Files\\nodejs\\node.exe',
1 verbose cli   'C:\\Program Files\\nodejs\\node_modules\\npm\\bin\\npm-cli.js',
1 verbose cli   'start' ]
2 info using npm@3.10.10
3 info using node@v6.10.1
4 verbose run-script [ 'prestart', 'start', 'poststart' ]
5 info lifecycle yakker@1.0.0~prestart: yakker@1.0.0
6 silly lifecycle yakker@1.0.0~prestart: no script for prestart, continuing
7 info lifecycle yakker@1.0.0~start: yakker@1.0.0
8 verbose lifecycle yakker@1.0.0~start: unsafe-perm in lifecycle true
9 verbose lifecycle yakker@1.0.0~start: PATH: C:\Program Files\nodejs\node_modules\npm\bin\node-gyp-bin;E:\Web\dvcoders\2017-spring-project\term-project-week-4-04-23\complete\node_modules\.bin;C:\Program Files\cmder_mini\bin;C:\Program Files\cmder_mini\vendor\conemu-maximus5\ConEmu\Scripts;C:\Program Files\cmder_mini\vendor\conemu-maximus5;C:\Program Files\cmder_mini\vendor\conemu-maximus5\ConEmu;C:\ProgramData\Oracle\Java\javapath;C:\WINDOWS\system32;C:\WINDOWS;C:\WINDOWS\System32\Wbem;C:\WINDOWS\System32\WindowsPowerShell\v1.0\;C:\Program Files (x86)\Windows Kits\10\Windows Performance Toolkit\;C:\Program Files\Git\cmd;C:\Program Files\nodejs\;C:\Program Files (x86)\Yarn\bin;C:\Program Files\PostgreSQL\9.6\bin;C:\Users\yinha\Anaconda3;C:\Users\yinha\Anaconda3\Scripts;C:\Users\yinha\Anaconda3\Library\bin;C:\Program Files\Java\jdk1.8.0_121\bin;C:\Users\yinha\AppData\Roaming\npm;C:\Program Files (x86)\Microsoft VS Code\bin;C:\Users\yinha\AppData\Local\Microsoft\WindowsApps;C:\Users\yinha\AppData\Local\Android\sdk;C:\Users\yinha\AppData\Local\Yarn\.bin;C:\Program Files\Heroku\bin;C:\Users\yinha\AppData\Local\Android\sdk\platform-tools;;C:\Program Files\Git\usr\bin;C:\Program Files\Git\usr\share\vim\vim74;C:\Program Files\cmder_mini\
10 verbose lifecycle yakker@1.0.0~start: CWD: E:\Web\dvcoders\2017-spring-project\term-project-week-4-04-23\complete
11 silly lifecycle yakker@1.0.0~start: Args: [ '/d /s /c', 'nodemon app.js' ]
12 verbose stack Error: kill ENOSYS
12 verbose stack     at exports._errnoException (util.js:1018:11)
12 verbose stack     at process.kill (internal/process.js:190:13)
12 verbose stack     at process.listener (C:\Program Files\nodejs\node_modules\npm\node_modules\npmlog\node_modules\gauge\node_modules\signal-exit\index.js:86:15)
12 verbose stack     at emitNone (events.js:91:20)
12 verbose stack     at process.emit (events.js:185:7)
12 verbose stack     at processEmit (C:\Program Files\nodejs\node_modules\npm\node_modules\npmlog\node_modules\gauge\node_modules\signal-exit\index.js:146:32)
12 verbose stack     at processEmit (C:\Program Files\nodejs\node_modules\npm\node_modules\npm-registry-client\node_modules\npmlog\node_modules\gauge\node_modules\signal-exit\index.js:146:32)
12 verbose stack     at Signal.wrap.onsignal (internal/process.js:217:44)
13 verbose cwd E:\Web\dvcoders\2017-spring-project\term-project-week-4-04-23\complete
14 error Windows_NT 10.0.15063
15 error argv "C:\\Program Files\\nodejs\\node.exe" "C:\\Program Files\\nodejs\\node_modules\\npm\\bin\\npm-cli.js" "start"
16 error node v6.10.1
17 error npm  v3.10.10
18 error code ENOSYS
19 error errno ENOSYS
20 error syscall kill
21 error kill ENOSYS
22 error If you need help, you may report this error at:
22 error     <https://github.com/npm/npm/issues>
23 verbose exit [ 1, true ]
